----------------------------------------------------------------
Fri Oct 27 16:22:56 CEST 2023:
Booting Derby version The Apache Software Foundation - Apache Derby - 10.16.1.1 - (1901046): instance a816c00e-018b-7184-4666-00000564f330 
on database directory /home/pedro/munics/SAPP/store-app/work/database with class loader jdk.internal.loader.ClassLoaders$AppClassLoader@5cb0d902 
Loaded from file:/home/pedro/.m2/repository/org/apache/derby/derby/10.16.1.1/derby-10.16.1.1.jar
java.vendor=Private Build
java.runtime.version=17.0.8.1+1-Ubuntu-0ubuntu122.04
user.dir=/home/pedro/munics/SAPP/store-app
os.name=Linux
os.arch=amd64
os.version=6.2.0-35-generic
derby.system.home=null
Database Class Loader started - derby.database.classpath=''
----------------------------------------------------------------
Fri Oct 27 16:48:23 CEST 2023:
Shutting down instance a816c00e-018b-7184-4666-00000564f330 on database directory /home/pedro/munics/SAPP/store-app/work/database with class loader jdk.internal.loader.ClassLoaders$AppClassLoader@5cb0d902 
Fri Oct 27 16:48:24 CEST 2023 Thread[Thread-20,5,main] Cleanup action starting
ERROR XBM0I: Directory work/database cannot be removed.
	at org.apache.derby.shared.common.error.StandardException.newException(StandardException.java:299)
	at org.apache.derby.shared.common.error.StandardException.newException(StandardException.java:294)
	at org.apache.derby.iapi.services.monitor.Monitor.removePersistentService(Monitor.java:663)
	at org.apache.derby.impl.jdbc.EmbedConnection.removePersistentService(EmbedConnection.java:4014)
	at org.apache.derby.impl.jdbc.EmbedConnection.<init>(EmbedConnection.java:620)
	at org.apache.derby.iapi.jdbc.InternalDriver.getNewEmbedConnection(InternalDriver.java:630)
	at org.apache.derby.iapi.jdbc.InternalDriver$LoginCallable.call(InternalDriver.java:400)
	at org.apache.derby.iapi.jdbc.InternalDriver$LoginCallable.call(InternalDriver.java:376)
	at java.base/java.util.concurrent.FutureTask.run(FutureTask.java:264)
	at java.base/java.util.concurrent.ThreadPoolExecutor.runWorker(ThreadPoolExecutor.java:1136)
	at java.base/java.util.concurrent.ThreadPoolExecutor$Worker.run(ThreadPoolExecutor.java:635)
	at java.base/java.lang.Thread.run(Thread.java:833)
Cleanup action completed
Fri Oct 27 16:48:24 CEST 2023 Thread[Thread-20,5,main] Cleanup action starting
ERROR XBM0I: Directory work/database cannot be removed.
	at org.apache.derby.shared.common.error.StandardException.newException(StandardException.java:299)
	at org.apache.derby.shared.common.error.StandardException.newException(StandardException.java:294)
	at org.apache.derby.iapi.services.monitor.Monitor.removePersistentService(Monitor.java:663)
	at org.apache.derby.impl.jdbc.EmbedConnection.removePersistentService(EmbedConnection.java:4014)
	at org.apache.derby.impl.jdbc.EmbedConnection.<init>(EmbedConnection.java:620)
	at org.apache.derby.iapi.jdbc.InternalDriver.getNewEmbedConnection(InternalDriver.java:630)
	at org.apache.derby.iapi.jdbc.InternalDriver$LoginCallable.call(InternalDriver.java:400)
	at org.apache.derby.iapi.jdbc.InternalDriver$LoginCallable.call(InternalDriver.java:376)
	at java.base/java.util.concurrent.FutureTask.run(FutureTask.java:264)
	at java.base/java.util.concurrent.ThreadPoolExecutor.runWorker(ThreadPoolExecutor.java:1136)
	at java.base/java.util.concurrent.ThreadPoolExecutor$Worker.run(ThreadPoolExecutor.java:635)
	at java.base/java.lang.Thread.run(Thread.java:833)
Cleanup action completed
----------------------------------------------------------------
Fri Oct 27 16:48:25 CEST 2023:
Booting Derby version The Apache Software Foundation - Apache Derby - 10.16.1.1 - (1901046): instance b9810038-018b-7184-4666-00000564f330 
on database directory /home/pedro/munics/SAPP/store-app/work/database with class loader jdk.internal.loader.ClassLoaders$AppClassLoader@5cb0d902 
Loaded from file:/home/pedro/.m2/repository/org/apache/derby/derby/10.16.1.1/derby-10.16.1.1.jar
java.vendor=Private Build
java.runtime.version=17.0.8.1+1-Ubuntu-0ubuntu122.04
user.dir=/home/pedro/munics/SAPP/store-app
os.name=Linux
os.arch=amd64
os.version=6.2.0-35-generic
derby.system.home=null
Database Class Loader started - derby.database.classpath=''
----------------------------------------------------------------
Fri Oct 27 16:48:25 CEST 2023:
Shutting down instance b9810038-018b-7184-4666-00000564f330 on database directory /home/pedro/munics/SAPP/store-app/work/database with class loader jdk.internal.loader.ClassLoaders$AppClassLoader@5cb0d902 
Fri Oct 27 16:48:26 CEST 2023 Thread[Thread-34,5,main] Cleanup action starting
ERROR XBM0I: Directory work/database cannot be removed.
	at org.apache.derby.shared.common.error.StandardException.newException(StandardException.java:299)
	at org.apache.derby.shared.common.error.StandardException.newException(StandardException.java:294)
	at org.apache.derby.iapi.services.monitor.Monitor.removePersistentService(Monitor.java:663)
	at org.apache.derby.impl.jdbc.EmbedConnection.removePersistentService(EmbedConnection.java:4014)
	at org.apache.derby.impl.jdbc.EmbedConnection.<init>(EmbedConnection.java:620)
	at org.apache.derby.iapi.jdbc.InternalDriver.getNewEmbedConnection(InternalDriver.java:630)
	at org.apache.derby.iapi.jdbc.InternalDriver$LoginCallable.call(InternalDriver.java:400)
	at org.apache.derby.iapi.jdbc.InternalDriver$LoginCallable.call(InternalDriver.java:376)
	at java.base/java.util.concurrent.FutureTask.run(FutureTask.java:264)
	at java.base/java.util.concurrent.ThreadPoolExecutor.runWorker(ThreadPoolExecutor.java:1136)
	at java.base/java.util.concurrent.ThreadPoolExecutor$Worker.run(ThreadPoolExecutor.java:635)
	at java.base/java.lang.Thread.run(Thread.java:833)
Cleanup action completed
Fri Oct 27 16:48:26 CEST 2023 Thread[Thread-34,5,main] Cleanup action starting
ERROR XBM0I: Directory work/database cannot be removed.
	at org.apache.derby.shared.common.error.StandardException.newException(StandardException.java:299)
	at org.apache.derby.shared.common.error.StandardException.newException(StandardException.java:294)
	at org.apache.derby.iapi.services.monitor.Monitor.removePersistentService(Monitor.java:663)
	at org.apache.derby.impl.jdbc.EmbedConnection.removePersistentService(EmbedConnection.java:4014)
	at org.apache.derby.impl.jdbc.EmbedConnection.<init>(EmbedConnection.java:620)
	at org.apache.derby.iapi.jdbc.InternalDriver.getNewEmbedConnection(InternalDriver.java:630)
	at org.apache.derby.iapi.jdbc.InternalDriver$LoginCallable.call(InternalDriver.java:400)
	at org.apache.derby.iapi.jdbc.InternalDriver$LoginCallable.call(InternalDriver.java:376)
	at java.base/java.util.concurrent.FutureTask.run(FutureTask.java:264)
	at java.base/java.util.concurrent.ThreadPoolExecutor.runWorker(ThreadPoolExecutor.java:1136)
	at java.base/java.util.concurrent.ThreadPoolExecutor$Worker.run(ThreadPoolExecutor.java:635)
	at java.base/java.lang.Thread.run(Thread.java:833)
Cleanup action completed
----------------------------------------------------------------
Fri Oct 27 16:48:28 CEST 2023:
Booting Derby version The Apache Software Foundation - Apache Derby - 10.16.1.1 - (1901046): instance 018f0039-018b-7184-4666-00000564f330 
on database directory /home/pedro/munics/SAPP/store-app/work/database with class loader jdk.internal.loader.ClassLoaders$AppClassLoader@5cb0d902 
Loaded from file:/home/pedro/.m2/repository/org/apache/derby/derby/10.16.1.1/derby-10.16.1.1.jar
java.vendor=Private Build
java.runtime.version=17.0.8.1+1-Ubuntu-0ubuntu122.04
user.dir=/home/pedro/munics/SAPP/store-app
os.name=Linux
os.arch=amd64
os.version=6.2.0-35-generic
derby.system.home=null
Database Class Loader started - derby.database.classpath=''
----------------------------------------------------------------
Fri Oct 27 18:30:00 CEST 2023:
Shutting down instance 018f0039-018b-7184-4666-00000564f330 on database directory /home/pedro/munics/SAPP/store-app/work/database with class loader jdk.internal.loader.ClassLoaders$AppClassLoader@5cb0d902 
Fri Oct 27 18:30:00 CEST 2023 Thread[Thread-80,5,main] Cleanup action starting
ERROR XBM0I: Directory work/database cannot be removed.
	at org.apache.derby.shared.common.error.StandardException.newException(StandardException.java:299)
	at org.apache.derby.shared.common.error.StandardException.newException(StandardException.java:294)
	at org.apache.derby.iapi.services.monitor.Monitor.removePersistentService(Monitor.java:663)
	at org.apache.derby.impl.jdbc.EmbedConnection.removePersistentService(EmbedConnection.java:4014)
	at org.apache.derby.impl.jdbc.EmbedConnection.<init>(EmbedConnection.java:620)
	at org.apache.derby.iapi.jdbc.InternalDriver.getNewEmbedConnection(InternalDriver.java:630)
	at org.apache.derby.iapi.jdbc.InternalDriver$LoginCallable.call(InternalDriver.java:400)
	at org.apache.derby.iapi.jdbc.InternalDriver$LoginCallable.call(InternalDriver.java:376)
	at java.base/java.util.concurrent.FutureTask.run(FutureTask.java:264)
	at java.base/java.util.concurrent.ThreadPoolExecutor.runWorker(ThreadPoolExecutor.java:1136)
	at java.base/java.util.concurrent.ThreadPoolExecutor$Worker.run(ThreadPoolExecutor.java:635)
	at java.base/java.lang.Thread.run(Thread.java:833)
Cleanup action completed
Fri Oct 27 18:30:00 CEST 2023 Thread[Thread-80,5,main] Cleanup action starting
ERROR XBM0I: Directory work/database cannot be removed.
	at org.apache.derby.shared.common.error.StandardException.newException(StandardException.java:299)
	at org.apache.derby.shared.common.error.StandardException.newException(StandardException.java:294)
	at org.apache.derby.iapi.services.monitor.Monitor.removePersistentService(Monitor.java:663)
	at org.apache.derby.impl.jdbc.EmbedConnection.removePersistentService(EmbedConnection.java:4014)
	at org.apache.derby.impl.jdbc.EmbedConnection.<init>(EmbedConnection.java:620)
	at org.apache.derby.iapi.jdbc.InternalDriver.getNewEmbedConnection(InternalDriver.java:630)
	at org.apache.derby.iapi.jdbc.InternalDriver$LoginCallable.call(InternalDriver.java:400)
	at org.apache.derby.iapi.jdbc.InternalDriver$LoginCallable.call(InternalDriver.java:376)
	at java.base/java.util.concurrent.FutureTask.run(FutureTask.java:264)
	at java.base/java.util.concurrent.ThreadPoolExecutor.runWorker(ThreadPoolExecutor.java:1136)
	at java.base/java.util.concurrent.ThreadPoolExecutor$Worker.run(ThreadPoolExecutor.java:635)
	at java.base/java.lang.Thread.run(Thread.java:833)
Cleanup action completed
